мая 21, 2023 2:39:03 AM org.apache.coyote.AbstractProtocol init
INFO: Initializing ProtocolHandler ["http-nio-auto-1"]
мая 21, 2023 2:39:03 AM org.apache.tomcat.util.net.NioSelectorPool getSharedSelector
INFO: Using a shared selector for servlet write/read
мая 21, 2023 2:39:03 AM org.apache.catalina.core.StandardService startInternal
INFO: Starting service [Tomcat]
мая 21, 2023 2:39:03 AM org.apache.catalina.core.StandardEngine startInternal
INFO: Starting Servlet engine: [Apache Tomcat/8.5.69]
мая 21, 2023 2:39:03 AM org.apache.coyote.AbstractProtocol start
INFO: Starting ProtocolHandler ["http-nio-auto-1-60224"]
мая 21, 2023 2:39:05 AM exercise.servlet.SessionServlet login
INFO: Пользователь lavern.keeling@gmail.com входит в приложение.
мая 21, 2023 2:39:05 AM exercise.servlet.SessionServlet login
INFO: Пользователь shoshana.haley@hotmail.com входит в приложение.
мая 21, 2023 2:39:05 AM exercise.servlet.SessionServlet login
INFO: Пользователь suzann.barrows@hotmail.com входит в приложение.
мая 21, 2023 2:39:05 AM exercise.servlet.SessionServlet login
INFO: Пользователь lavern.keeling@gmail.com входит в приложение.
мая 21, 2023 2:39:05 AM exercise.servlet.SessionServlet login
INFO: Пользователь lavern.keeling@gmail.com входит в приложение.
мая 21, 2023 2:39:05 AM exercise.servlet.SessionServlet login
INFO: Пользователь lavern.keeling@gmail.com входит в приложение.
мая 21, 2023 2:39:05 AM org.apache.coyote.AbstractProtocol pause
INFO: Pausing ProtocolHandler ["http-nio-auto-1-60224"]
мая 21, 2023 2:39:05 AM org.apache.catalina.core.StandardService stopInternal
INFO: Stopping service [Tomcat]
мая 21, 2023 2:39:05 AM org.apache.catalina.loader.WebappClassLoaderBase clearReferencesObjectStreamClassCaches
WARNING: When running on Java 9 or later you need to add "--add-opens=java.base/java.io=null" to the JVM command line arguments to enable ObjectStream cache memory leak protection. Alternatively, you can suppress this warning by disabling ObjectStream class cache memory leak protection.
мая 21, 2023 2:39:05 AM org.apache.catalina.loader.WebappClassLoaderBase checkThreadLocalsForLeaks
WARNING: When running on Java 9 or later you need to add "--add-opens=java.base/java.lang=null" to the JVM command line arguments to enable ThreadLocal memory leak detection. Alternatively, you can suppress this warning by disabling ThreadLocal memory leak detection.
мая 21, 2023 2:39:05 AM org.apache.catalina.loader.WebappClassLoaderBase clearReferencesRmiTargets
WARNING: When running on Java 9 or later you need to add "--add-opens=java.rmi/sun.rmi.transport=null" to the JVM command line arguments to enable RMI Target memory leak detection. Alternatively, you can suppress this warning by disabling RMI Target memory leak detection.
мая 21, 2023 2:39:05 AM org.apache.coyote.AbstractProtocol stop
INFO: Stopping ProtocolHandler ["http-nio-auto-1-60224"]
